[01:13:23] [Craft Scheduler Thread - 3329 - AnimatedScoreboard/INFO]: [AnimatedScoreboard] Checking for an update!
[01:13:23] [Craft Scheduler Thread - 3329 - AnimatedScoreboard/INFO]: [AnimatedScoreboard] You are 1 version behind! Get AnimatedScoreboard(v0.3.2) at:
[01:13:23] [Craft Scheduler Thread - 3329 - AnimatedScoreboard/INFO]: [AnimatedScoreboard] https://www.spigotmc.org/resources/20848
[07:13:23] [Craft Scheduler Thread - 3521 - AnimatedScoreboard/INFO]: [AnimatedScoreboard] Checking for an update!
[07:13:23] [Craft Scheduler Thread - 3521 - AnimatedScoreboard/INFO]: [AnimatedScoreboard] You are 1 version behind! Get AnimatedScoreboard(v0.3.2) at:
[07:13:23] [Craft Scheduler Thread - 3521 - AnimatedScoreboard/INFO]: [AnimatedScoreboard] https://www.spigotmc.org/resources/20848
[13:04:01] [User Authenticator #0/INFO]: UUID of player eldiosx is f0c8c180-7e01-4c4a-9c3e-6cb0511c56ba
[13:04:01] [Server thread/INFO]: eldiosx[/79.117.241.18:36468] logged in with entity id 9248 at ([Tierra]-1209.332574529879, 65.5, -7636.133350025774)
[13:04:01] [Server thread/WARN]: [Essentials] Permissions lag notice with (LuckPermsHandler). Response took 68.366229ms. Summary: Getting prefix for eldiosx
[13:04:01] [Server thread/INFO]: eldiosx Entró a Ignisus Land.
[13:04:02] [Craft Scheduler Thread - 3712 - Quests/INFO]: [Quests] Loaded language en-US. Translations via Crowdin
[13:04:02] [Craft Scheduler Thread - 3715 - EliteMobs/INFO]: [EliteMobs] User f0c8c180-7e01-4c4a-9c3e-6cb0511c56ba data successfully read!
[13:04:23] [Server thread/INFO]: [EliteMobs] Event zombie_totem.yml has been queued!
[13:04:23] [Server thread/INFO]: A Dr. Craftenmine abomination has been sighted!
[13:04:42] [Server thread/INFO]: eldiosx issued server command: /gamemode creative
[13:04:48] [Server thread/INFO]: eldiosx lost connection: Disconnected
[13:04:48] [Server thread/INFO]: eldiosx Salió de Ignisus Land.
[13:13:23] [Craft Scheduler Thread - 3720 - AnimatedScoreboard/INFO]: [AnimatedScoreboard] Checking for an update!
[13:13:23] [Craft Scheduler Thread - 3720 - AnimatedScoreboard/INFO]: [AnimatedScoreboard] You are 1 version behind! Get AnimatedScoreboard(v0.3.2) at:
[13:13:23] [Craft Scheduler Thread - 3720 - AnimatedScoreboard/INFO]: [AnimatedScoreboard] https://www.spigotmc.org/resources/20848
[13:34:32] [Server thread/INFO]: [EliteMobs] Event zombie_totem.yml ended!
[17:21:16] [Server thread/INFO]: Stopping the server
[17:21:16] [Server thread/INFO]: Stopping server
[17:21:16] [Server thread/INFO]: [BanFromClaim] Disabling BanFromClaim v1.6.5
[17:21:16] [Server thread/INFO]: [InvisibleItemFrames] Disabling InvisibleItemFrames v2.15.1
[17:21:16] [Server thread/INFO]: [InvisibleItemFrames] Done and disabled!
[17:21:16] [Server thread/INFO]: [InvisibleItemFrames] If you liked the plugin, don't forget to give a ★★★★★ rating!
[17:21:16] [Server thread/INFO]: [InvisibleItemFrames] Thank you and have a great day!
[17:21:16] [Server thread/INFO]: [TabList] Disabling TabList v5.7.4
[17:21:16] [Server thread/INFO]: [ArmorMechanics] Disabling ArmorMechanics v3.0.0
[17:21:16] [Server thread/INFO]: [ItemEdit] Disabling ItemEdit v3.1.1
[17:21:16] [Server thread/INFO]: [PlaceholderAPI] Unregistered placeholder expansion itemedit
[17:21:16] [Server thread/INFO]: [PlaceholderAPI] Reason: required plugin ItemEdit was disabled.
[17:21:16] [Server thread/INFO]: [Vehicles] Disabling Vehicles v14.2
[17:21:16] [Server thread/INFO]: [Roulette] Disabling Roulette v2.0.1
[17:21:16] [Server thread/INFO]: [JukeBox] Disabling JukeBox v1.20.9
[17:21:16] [Server thread/INFO]: [Chunky] Disabling Chunky v1.3.92
[17:21:16] [Server thread/INFO]: [CommandPanels] Disabling CommandPanels v3.19.1.7
[17:21:16] [Server thread/INFO]: RockyHawk's CommandPanels Plugin Disabled, aww man.
[17:21:16] [Server thread/INFO]: [DeadChest] Disabling DeadChest v4.17.0
[17:21:16] [Server thread/INFO]: [MarriageMaster] Disabling MarriageMaster v2.7.2
[17:21:16] [Server thread/INFO]: [MarriageMaster] PlaceholderAPI hook was successfully unregistered!
[17:21:16] [Server thread/INFO]: [MarriageMaster] Cleaning database cache.
[17:21:16] [Server thread/INFO]: [MarriageMaster] Database cache cleaned.
[17:21:16] [Server thread/INFO]: [at.pcgamingfreaks.MarriageMasterStandalone.libs.com.zaxxer.hikari.HikariDataSource] MarriageMaster-Connection-Pool - Shutdown initiated...
[17:21:16] [Server thread/INFO]: [at.pcgamingfreaks.MarriageMasterStandalone.libs.com.zaxxer.hikari.HikariDataSource] MarriageMaster-Connection-Pool - Shutdown completed.
[17:21:16] [Server thread/INFO]: [MarriageMaster]  Marriage Master has been disabled.  :( 
[17:21:16] [Server thread/INFO]: [DoubleJump] Disabling DoubleJump v2.1.0
[17:21:16] [Server thread/INFO]: [BetterTeams] Disabling BetterTeams v4.8.2
[17:21:16] [Server thread/INFO]: [Drugs] Disabling Drugs v1.0
[17:21:16] [Server thread/INFO]: [DropHeads] Disabling DropHeads v3.8.2
[17:21:16] [Server thread/INFO]: [Shopkeepers] Disabling Shopkeepers v2.18.0
[17:21:16] [Server thread/INFO]: [Sentinel] Disabling Sentinel v2.8.1-SNAPSHOT (build 513)
[17:21:16] [Server thread/INFO]: [Sentinel] Sentinel unloading...
[17:21:16] [Server thread/INFO]: [Sentinel] Sentinel unloaded!
[17:21:16] [Server thread/INFO]: [EconomyShopGUI] Disabling EconomyShopGUI v6.2.1
[17:21:16] [Server thread/INFO]: [Jobs] Disabling Jobs v5.2.2.1
[17:21:16] [Server thread/INFO]: ------------- Jobs -------------
[17:21:16] [Jobs-BufferedPaymentThread/INFO]: Buffered payment thread shutdown.
[17:21:16] [Jobs-DatabaseSaveTask/INFO]: Database save task shutdown!
[17:21:16] [Server thread/INFO]: ------------------------------------
[17:21:16] [Server thread/INFO]: [Dynmap-WorldGuard] Disabling Dynmap-WorldGuard v1.4-beta-1
[17:21:16] [Server thread/INFO]: [Vegas] Disabling Vegas v2.0
[17:21:16] [Server thread/INFO]: [YamipaPlugin] Disabling YamipaPlugin v1.2.11
[17:21:16] [Server thread/INFO]: [BetterStructures] Disabling BetterStructures v1.6.4
[17:21:16] [Server thread/INFO]: [BetterStructures] Shutdown!
[17:21:16] [Server thread/INFO]: [DiceFurniture] Disabling DiceFurniture v3.8.1
[17:21:16] [Server thread/INFO]: [Dynmap-Quests] Disabling Dynmap-Quests v2.0
[17:21:16] [Server thread/INFO]: [AnimatedScoreboard] Disabling AnimatedScoreboard v0.3.1
[17:21:16] [Server thread/INFO]: [AureliumSkills] Disabling AureliumSkills vBeta 1.3.23
[17:21:16] [Server thread/INFO]: [AureliumSkills] Datos de MySQL almacenados como backup-2023-12-16_17-21-16.yml
[17:21:16] [Server thread/INFO]: [spark] Disabling spark v1.10.57
[17:21:16] [Server thread/INFO]: [WeaponMechanics] Disabling WeaponMechanics v3.1.7
[17:21:16] [Server thread/INFO]: [NoteBlockAPI] Disabling NoteBlockAPI v1.6.2
[17:21:16] [Server thread/INFO]: [WorldBorder] Disabling WorldBorder v2.1.5
[17:21:16] [Server thread/INFO]: [WorldBorder] [CONFIG] Border-checking timed task stopped.
[17:21:16] [Server thread/INFO]: [GriefDefender] Disabling GriefDefender v2.4.3
[17:21:16] [Server thread/INFO]: [GriefDefender] Disabling GriefDefender...
[17:21:16] [Server thread/INFO]: [GriefDefender] Saving claim data...
[17:21:16] [Server thread/INFO]: [GriefDefender] Save complete.
[17:21:16] [Server thread/INFO]: [EssentialsChat] Disabling EssentialsChat v2.21.0-dev+22-bb7b334
[17:21:16] [Server thread/INFO]: [CMILib] Disabling CMILib v1.4.4.0
[17:21:16] [Server thread/INFO]: [EliteMobs] Disabling EliteMobs v8.6.2
[17:21:16] [Server thread/INFO]: [EliteMobs] Starting EliteMobs shutdown sequence...
[17:21:16] [Server thread/INFO]: [EliteMobs] Regenerating exploded blocks...
[17:21:16] [Server thread/INFO]: [EliteMobs] Cancelling tasks...
[17:21:16] [Server thread/INFO]: [EliteMobs] Closing wormholes...
[17:21:16] [Server thread/INFO]: [EliteMobs] Spinning Regional Bosses down...
[17:21:16] [Server thread/INFO]: [EliteMobs] Wiping Elite entities clean...
[17:21:16] [Server thread/INFO]: [EliteMobs] Clearing events...
[17:21:16] [Server thread/INFO]: [EliteMobs] Clearing valid worlds...
[17:21:16] [Server thread/INFO]: [EliteMobs] Clearing zone based worlds...
[17:21:16] [Server thread/INFO]: [EliteMobs] Clearing config regional elites...
[17:21:16] [Server thread/INFO]: [EliteMobs] Clearing custom enchantments...
[17:21:16] [Server thread/INFO]: [EliteMobs] Clearing custom items...
[17:21:16] [Server thread/INFO]: [EliteMobs] Clearing Minidungeons...
[17:21:16] [Server thread/INFO]: [EliteMobs] Unregistering placeholders...
[17:21:16] [Server thread/INFO]: [EliteMobs] Unregistering handlers...
[17:21:16] [Server thread/INFO]: [EliteMobs] Clearing Treasure Chests...
[17:21:16] [Server thread/INFO]: [EliteMobs] Untracking quests...
[17:21:16] [Server thread/INFO]: [EliteMobs] Saving EliteMobs databases...
[17:21:16] [Server thread/INFO]: [EliteMobs] All done! Good night.
[17:21:16] [Server thread/INFO]: [FurnitureLib] Disabling FurnitureLib v3.1.3
[17:21:16] [Server thread/INFO]: [FurnitureLib] ==========================================
[17:21:16] [Server thread/INFO]: [FurnitureLib] Furniture shutdown started
[17:21:16] [Server thread/WARN]: [de.Ste3et_C0st.FurnitureLib.Database.com.zaxxer.hikari.HikariConfig] FurnitureLib - idleTimeout has been set but has no effect because the pool is operating as a fixed size pool.
[17:21:16] [Server thread/INFO]: [de.Ste3et_C0st.FurnitureLib.Database.com.zaxxer.hikari.HikariDataSource] FurnitureLib - Starting...
[17:21:16] [Server thread/INFO]: [de.Ste3et_C0st.FurnitureLib.Database.com.zaxxer.hikari.HikariDataSource] FurnitureLib - Start completed.
[17:21:16] [Server thread/INFO]: [FurnitureLib] FurnitureLib Started SQLite database. Took 6ms
[17:21:16] [Server thread/INFO]: [FurnitureLib] Furniture save started
[17:21:16] [Server thread/INFO]: [FurnitureLib] ==========================================
[17:21:16] [Server thread/INFO]: [Quests] Disabling Quests v5.0.0-rc.2-b435
[17:21:16] [Server thread/INFO]: [Quests] Saving Quester data...
[17:21:16] [Server thread/INFO]: [Quests] Closing storage...
[17:21:16] [Server thread/INFO]: [DecentHolograms] Disabling DecentHolograms v2.8.5
[17:21:16] [Server thread/INFO]: [dynmap] Disabling dynmap v3.7-beta-2-923
[17:21:16] [Server thread/INFO]: [dynmap] Unloaded 11 components.
[17:21:16] [Server thread/INFO]: [dynmap] Stopping map renderer...
[17:21:22] [Server thread/INFO]: [dynmap] Disabled
[17:21:22] [Server thread/INFO]: [LevelledMobs] Disabling LevelledMobs v3.13.2 b800
[17:21:22] [Server thread/INFO]: LevelledMobs: Tasks: Shutting down other async tasks...
[17:21:22] [Server thread/INFO]: LevelledMobs: Shut-down complete (took 1ms)
[17:21:22] [Server thread/INFO]: [ProtectionLib] Disabling ProtectionLib v1.8
[17:21:22] [Server thread/INFO]: [Citizens] Disabling Citizens v2.0.33-SNAPSHOT (build 3266)
[17:21:22] [Server thread/INFO]: [SkinsRestorer] Disabling SkinsRestorer v15.0.3
[17:21:22] [Server thread/INFO]: [MythicMobs] Disabling MythicMobs v5.4.0-${CI_COMMIT_SHORT_SHA}
[17:21:22] [Server thread/INFO]: [MythicMobs] ------------------------------------------------------------
[17:21:22] [Server thread/INFO]: [MythicMobs] - 
[17:21:22] [Server thread/INFO]: [MythicMobs] - Unloading Mythic...
[17:21:22] [Server thread/INFO]: [MythicMobs] - 
[17:21:22] [Server thread/INFO]: [MythicMobs] ------------------------------------------------------------
[17:21:22] [Server thread/INFO]: [MythicMobs] - Spawners saved and unloaded...
[17:21:22] [Server thread/INFO]: [MythicMobs] - Mobs saved and unloaded...
[17:21:22] [Server thread/INFO]: [MythicMobs] - Variables saved...
[17:21:22] [Server thread/INFO]: [MythicMobs] - All active settings have been saved!
[17:21:22] [Server thread/INFO]: [MythicMobs] - Mythic has been unloaded!
[17:21:22] [Server thread/INFO]: [MythicMobs] ------------------------------------------------------------
[17:21:22] [Server thread/INFO]: [Essentials] Disabling Essentials v2.21.0-dev+22-bb7b334
[17:21:22] [Server thread/INFO]: [Vault] [Economy] Essentials Economy unhooked.
[17:21:22] [Server thread/INFO]: [ProtocolLib] Disabling ProtocolLib v5.1.1-SNAPSHOT-669
[17:21:22] [Server thread/INFO]: [PlaceholderAPI] Disabling PlaceholderAPI v2.11.4
[17:21:22] [Server thread/INFO]: [Multiverse-Core] Disabling Multiverse-Core v4.3.2-SNAPSHOT-b870
[17:21:22] [Server thread/INFO]: [WorldGuard] Disabling WorldGuard v7.0.9+5934e49
[17:21:22] [Server thread/INFO]: [WorldGuard] Shutting down executor and cancelling any pending tasks...
[17:21:22] [Server thread/INFO]: [WorldEdit] Disabling WorldEdit v7.2.17+6544-56d0383
[17:21:22] [Server thread/INFO]: Unregistering com.sk89q.worldedit.bukkit.BukkitServerInterface from WorldEdit
[17:21:22] [Server thread/INFO]: [Vault] Disabling Vault v1.7.3-b131
[17:21:22] [Server thread/INFO]: [MechanicsCore] Disabling MechanicsCore v3.1.4
[17:21:22] [Server thread/INFO]: [LuckPerms] Disabling LuckPerms v5.4.104
[17:21:22] [Server thread/INFO]: [LuckPerms] Starting shutdown process...
[17:21:22] [Server thread/INFO]: [LuckPerms] Closing storage...
[17:21:22] [Craft Scheduler Thread - 9 - LevelledMobs/INFO]: LevelledMobs: Mob processing queue Manager has exited
[17:21:22] [Server thread/INFO]: [LuckPerms] Goodbye!
[17:21:22] [Server thread/INFO]: [ViaVersion] Disabling ViaVersion v4.9.2
[17:21:22] [Server thread/INFO]: [ViaVersion] ViaVersion is disabling, if this is a reload and you experience issues consider rebooting.
[17:21:22] [Craft Scheduler Thread - 10 - LevelledMobs/INFO]: LevelledMobs: Nametag update queue Manager has exited
[17:21:22] [Server thread/INFO]: Saving players
[17:21:23] [Server thread/INFO]: Saving worlds
[17:21:23] [Server thread/INFO]: Saving chunks for level 'ServerLevel[Tierra]'/minecraft:overworld
[17:21:23] [Server thread/INFO]: [ChunkHolderManager] Waiting 60s for chunk system to halt for world 'Tierra'
[17:21:23] [Server thread/INFO]: [ChunkHolderManager] Halted chunk system for world 'Tierra'
[17:21:23] [Server thread/INFO]: [ChunkHolderManager] Saving all chunkholders for world 'Tierra'
[17:21:23] [Server thread/INFO]: [ChunkHolderManager] Saved 4 block chunks, 180 entity chunks, 0 poi chunks in world 'Tierra' in 0.09s
[17:21:23] [Server thread/INFO]: ThreadedAnvilChunkStorage (Tierra): All chunks are saved
[17:21:23] [Server thread/INFO]: Saving chunks for level 'ServerLevel[Tierra_nether]'/minecraft:the_nether
[17:21:23] [Server thread/INFO]: [ChunkHolderManager] Waiting 60s for chunk system to halt for world 'Tierra_nether'
[17:21:23] [Server thread/INFO]: [ChunkHolderManager] Halted chunk system for world 'Tierra_nether'
[17:21:23] [Server thread/INFO]: [ChunkHolderManager] Saving all chunkholders for world 'Tierra_nether'
[17:21:23] [Server thread/INFO]: [ChunkHolderManager] Saved 0 block chunks, 0 entity chunks, 0 poi chunks in world 'Tierra_nether' in 0.00s
[17:21:23] [Server thread/INFO]: ThreadedAnvilChunkStorage (DIM-1): All chunks are saved
[17:21:23] [Server thread/INFO]: Saving chunks for level 'ServerLevel[Tierra_the_end]'/minecraft:the_end
[17:21:23] [Server thread/INFO]: [ChunkHolderManager] Waiting 60s for chunk system to halt for world 'Tierra_the_end'
[17:21:23] [Server thread/INFO]: [ChunkHolderManager] Halted chunk system for world 'Tierra_the_end'
[17:21:23] [Server thread/INFO]: [ChunkHolderManager] Saving all chunkholders for world 'Tierra_the_end'
[17:21:23] [Server thread/INFO]: [ChunkHolderManager] Saved 0 block chunks, 0 entity chunks, 0 poi chunks in world 'Tierra_the_end' in 0.00s
[17:21:23] [Server thread/INFO]: ThreadedAnvilChunkStorage (DIM1): All chunks are saved
[17:21:23] [Server thread/INFO]: Saving chunks for level 'ServerLevel[Mining]'/minecraft:mining
[17:21:23] [Server thread/INFO]: [ChunkHolderManager] Waiting 60s for chunk system to halt for world 'Mining'
[17:21:23] [Server thread/INFO]: [ChunkHolderManager] Halted chunk system for world 'Mining'
[17:21:23] [Server thread/INFO]: [ChunkHolderManager] Saving all chunkholders for world 'Mining'
[17:21:23] [Server thread/INFO]: [ChunkHolderManager] Saved 0 block chunks, 0 entity chunks, 0 poi chunks in world 'Mining' in 0.00s
[17:21:23] [Server thread/INFO]: ThreadedAnvilChunkStorage (Mining): All chunks are saved
[17:21:23] [Server thread/INFO]: ThreadedAnvilChunkStorage: All dimensions are saved
[17:21:23] [Server thread/INFO]: Flushing Chunk IO
[17:21:23] [Server thread/INFO]: Closing Thread Pool
[17:21:23] [Server thread/INFO]: Closing Server
